<?xml version="1.0" encoding="UTF-8"?>
<!-- Generated by org.testng.reporters.JUnitReportReporter -->
<testsuite hostname="Ishan-Macs-MacBook-Pro.local" name="com.framework.TestCases.Scenario2_VerifyTabFunction" tests="1" failures="0" timestamp="17 Feb 2018 04:27:25 GMT" time="16.240" errors="0">
  <testcase name="Scenario2" time="16.240" classname="com.framework.TestCases.Scenario2_VerifyTabFunction"/>
</testsuite> <!-- com.framework.TestCases.Scenario2_VerifyTabFunction -->
