<?xml version="1.0" encoding="UTF-8"?>
<!-- Generated by org.testng.reporters.JUnitReportReporter -->
<testsuite hostname="Ishan-Macs-MacBook-Pro.local" name="com.Assesment1.TestScenarios.Scenario1_OpenFilter" tests="1" failures="0" timestamp="18 Feb 2018 13:35:20 GMT" time="19.398" errors="0">
  <testcase name="Scenario1" time="19.398" classname="com.Assesment1.TestScenarios.Scenario1_OpenFilter"/>
</testsuite> <!-- com.Assesment1.TestScenarios.Scenario1_OpenFilter -->
