<?xml version="1.0" encoding="UTF-8"?>
<!-- Generated by org.testng.reporters.JUnitReportReporter -->
<testsuite hostname="Ishan-Macs-MacBook-Pro.local" name="com.framework.TestCases.Assesment_TC1" tests="1" failures="0" timestamp="13 Feb 2018 17:49:37 GMT" time="11.036" errors="0">
  <testcase name="Scenario1" time="11.036" classname="com.framework.TestCases.Assesment_TC1"/>
</testsuite> <!-- com.framework.TestCases.Assesment_TC1 -->
