<?xml version="1.0" encoding="UTF-8"?>
<!-- Generated by org.testng.reporters.JUnitReportReporter -->
<testsuite hostname="Ishan-Macs-MacBook-Pro.local" name="com.Assesment1.TestScenarios.Scenario4_VerifyMoreProduct" tests="1" failures="0" timestamp="18 Feb 2018 13:35:20 GMT" time="11.019" errors="0">
  <testcase name="Scenario4" time="11.019" classname="com.Assesment1.TestScenarios.Scenario4_VerifyMoreProduct"/>
</testsuite> <!-- com.Assesment1.TestScenarios.Scenario4_VerifyMoreProduct -->
