<?xml version="1.0" encoding="UTF-8"?>
<!-- Generated by org.testng.reporters.JUnitReportReporter -->
<testsuite hostname="Ishan-Macs-MacBook-Pro.local" name="com.framework.TestCases.Scenario5_VerifyProductDetails" tests="1" failures="0" timestamp="18 Feb 2018 10:09:53 GMT" time="7.565" errors="0">
  <testcase name="Scenario5" time="7.565" classname="com.framework.TestCases.Scenario5_VerifyProductDetails"/>
</testsuite> <!-- com.framework.TestCases.Scenario5_VerifyProductDetails -->
