<?xml version="1.0" encoding="UTF-8"?>
<!-- Generated by org.testng.reporters.JUnitReportReporter -->
<testsuite hostname="Ishan-Macs-MacBook-Pro.local" name="com.framework.TestCases.Scenario1_OpenFilter" tests="1" failures="0" timestamp="18 Feb 2018 10:13:02 GMT" time="13.375" errors="0">
  <testcase name="Scenario1" time="13.375" classname="com.framework.TestCases.Scenario1_OpenFilter"/>
</testsuite> <!-- com.framework.TestCases.Scenario1_OpenFilter -->
