<?xml version="1.0" encoding="UTF-8"?>
<!-- Generated by org.testng.reporters.JUnitReportReporter -->
<testsuite hostname="Ishan-Macs-MacBook-Pro.local" name="com.Assesment1.TestScenarios.Scenario2_VerifyTabFunction" tests="1" failures="0" timestamp="18 Feb 2018 13:35:20 GMT" time="17.511" errors="0">
  <testcase name="Scenario2" time="17.511" classname="com.Assesment1.TestScenarios.Scenario2_VerifyTabFunction"/>
</testsuite> <!-- com.Assesment1.TestScenarios.Scenario2_VerifyTabFunction -->
